<?xml version="1.0" encoding="UTF-8"?>
<testng-results ignored="0" total="2" passed="2" failed="0" skipped="0">
  <reporter-output>
  </reporter-output>
  <suite started-at="2026-02-11T11:21:50 IST" name="Suite" finished-at="2026-02-11T11:22:02 IST" duration-ms="12478">
    <groups>
    </groups>
    <test started-at="2026-02-11T11:21:50 IST" name="Test" finished-at="2026-02-11T11:22:02 IST" duration-ms="12478">
      <class name="maven_basics.DWS_SubscribeTest">
        <test-method signature="subscribeTest()[pri:0, instance:maven_basics.DWS_SubscribeTest@206a70ef]" started-at="2026-02-11T11:21:58 IST" name="subscribeTest" finished-at="2026-02-11T11:22:02 IST" duration-ms="4269" status="PASS">
          <reporter-output>
          </reporter-output>
        </test-method> <!-- subscribeTest -->
      </class> <!-- maven_basics.DWS_SubscribeTest -->
      <class name="maven_basics.DWS_SearchTest">
        <test-method signature="searchTest()[pri:0, instance:maven_basics.DWS_SearchTest@1d296da]" started-at="2026-02-11T11:21:50 IST" name="searchTest" finished-at="2026-02-11T11:21:58 IST" duration-ms="8131" status="PASS">
          <reporter-output>
          </reporter-output>
        </test-method> <!-- searchTest -->
      </class> <!-- maven_basics.DWS_SearchTest -->
    </test> <!-- Test -->
  </suite> <!-- Suite -->
</testng-results>
